0 info it worked if it ends with ok
1 verbose cli [ 'node', '/usr/local/bin/npm', 'install', 'bootstrap' ]
2 info using npm@2.5.1
3 info using node@v0.12.0
4 silly cache add args [ 'bootstrap', null ]
5 verbose cache add spec bootstrap
6 silly cache add parsed spec { raw: 'bootstrap',
6 silly cache add   scope: null,
6 silly cache add   name: 'bootstrap',
6 silly cache add   rawSpec: '',
6 silly cache add   spec: '*',
6 silly cache add   type: 'range' }
7 verbose addNamed bootstrap@*
8 silly addNamed semver.valid null
9 silly addNamed semver.validRange *
10 silly addNameRange { name: 'bootstrap', range: '*', hasData: false }
11 silly mapToRegistry name bootstrap
12 silly mapToRegistry using default registry
13 silly mapToRegistry registry https://registry.npmjs.org/
14 silly mapToRegistry uri https://registry.npmjs.org/bootstrap
15 verbose addNameRange registry:https://registry.npmjs.org/bootstrap not in flight; fetching
16 verbose request uri https://registry.npmjs.org/bootstrap
17 verbose request no auth needed
18 info attempt registry request try #1 at 11:33:01 PM
19 verbose request id 6d2bda3304853856
20 verbose etag "8H6B3H5MPMZLLPJ7C84LMQ3UA"
21 http request GET https://registry.npmjs.org/bootstrap
22 http 200 https://registry.npmjs.org/bootstrap
23 silly get cb [ 200,
23 silly get   { date: 'Tue, 31 Mar 2015 20:33:02 GMT',
23 silly get     server: 'CouchDB/1.5.0 (Erlang OTP/R16B03)',
23 silly get     etag: '"8RX05Z3FNTDGTFZIH9T2W5MNB"',
23 silly get     'content-type': 'application/json',
23 silly get     'cache-control': 'max-age=60',
23 silly get     'content-length': '23242',
23 silly get     'accept-ranges': 'bytes',
23 silly get     via: '1.1 varnish',
23 silly get     age: '0',
23 silly get     'x-served-by': 'cache-fra1244-FRA',
23 silly get     'x-cache': 'HIT',
23 silly get     'x-cache-hits': '1',
23 silly get     'x-timer': 'S1427833981.500767,VS0,VE728',
23 silly get     vary: 'Accept',
23 silly get     'keep-alive': 'timeout=10, max=50',
23 silly get     connection: 'Keep-Alive' } ]
24 verbose get saving bootstrap to /Users/arta/.npm/registry.npmjs.org/bootstrap/.cache.json
25 silly addNameRange number 2 { name: 'bootstrap', range: '*', hasData: true }
26 silly addNameRange versions [ 'bootstrap',
26 silly addNameRange   [ '0.0.1',
26 silly addNameRange     '0.0.2',
26 silly addNameRange     '3.1.1',
26 silly addNameRange     '3.2.0',
26 silly addNameRange     '3.3.0',
26 silly addNameRange     '3.3.1',
26 silly addNameRange     '3.3.2',
26 silly addNameRange     '3.3.4' ] ]
27 verbose addNamed bootstrap@3.3.4
28 silly addNamed semver.valid 3.3.4
29 silly addNamed semver.validRange 3.3.4
30 silly cache afterAdd bootstrap@3.3.4
31 verbose afterAdd /Users/arta/.npm/bootstrap/3.3.4/package/package.json not in flight; writing
32 verbose afterAdd /Users/arta/.npm/bootstrap/3.3.4/package/package.json written
33 silly install resolved [ { name: 'bootstrap',
33 silly install resolved     description: 'The most popular front-end framework for developing responsive, mobile first projects on the web.',
33 silly install resolved     version: '3.3.4',
33 silly install resolved     keywords:
33 silly install resolved      [ 'css',
33 silly install resolved        'less',
33 silly install resolved        'mobile-first',
33 silly install resolved        'responsive',
33 silly install resolved        'front-end',
33 silly install resolved        'framework',
33 silly install resolved        'web' ],
33 silly install resolved     homepage: 'http://getbootstrap.com',
33 silly install resolved     author: { name: 'Twitter, Inc.' },
33 silly install resolved     scripts: { test: 'grunt test' },
33 silly install resolved     style: 'dist/css/bootstrap.css',
33 silly install resolved     less: 'less/bootstrap.less',
33 silly install resolved     main: './dist/js/npm',
33 silly install resolved     repository: { type: 'git', url: 'https://github.com/twbs/bootstrap.git' },
33 silly install resolved     bugs: { url: 'https://github.com/twbs/bootstrap/issues' },
33 silly install resolved     license:
33 silly install resolved      { type: 'MIT',
33 silly install resolved        url: 'https://github.com/twbs/bootstrap/blob/master/LICENSE' },
33 silly install resolved     devDependencies:
33 silly install resolved      { btoa: '~1.1.2',
33 silly install resolved        glob: '~5.0.3',
33 silly install resolved        grunt: '~0.4.5',
33 silly install resolved        'grunt-autoprefixer': '~2.2.0',
33 silly install resolved        'grunt-banner': '~0.3.1',
33 silly install resolved        'grunt-contrib-clean': '~0.6.0',
33 silly install resolved        'grunt-contrib-compress': '~0.13.0',
33 silly install resolved        'grunt-contrib-concat': '~0.5.1',
33 silly install resolved        'grunt-contrib-connect': '~0.9.0',
33 silly install resolved        'grunt-contrib-copy': '~0.8.0',
33 silly install resolved        'grunt-contrib-csslint': '~0.4.0',
33 silly install resolved        'grunt-contrib-cssmin': '~0.12.2',
33 silly install resolved        'grunt-contrib-jade': '~0.14.1',
33 silly install resolved        'grunt-contrib-jshint': '~0.11.0',
33 silly install resolved        'grunt-contrib-less': '~1.0.0',
33 silly install resolved        'grunt-contrib-qunit': '~0.5.2',
33 silly install resolved        'grunt-contrib-uglify': '~0.8.0',
33 silly install resolved        'grunt-contrib-watch': '~0.6.1',
33 silly install resolved        'grunt-csscomb': '~3.0.0',
33 silly install resolved        'grunt-exec': '~0.4.6',
33 silly install resolved        'grunt-html': '~4.0.1',
33 silly install resolved        'grunt-jekyll': '~0.4.2',
33 silly install resolved        'grunt-jscs': '~1.5.0',
33 silly install resolved        'grunt-saucelabs': '~8.6.0',
33 silly install resolved        'grunt-sed': '~0.1.1',
33 silly install resolved        'load-grunt-tasks': '~3.1.0',
33 silly install resolved        'markdown-it': '^4.0.1',
33 silly install resolved        'npm-shrinkwrap': '^200.1.0',
33 silly install resolved        'time-grunt': '^1.1.0' },
33 silly install resolved     engines: { node: '>=0.10.1' },
33 silly install resolved     files:
33 silly install resolved      [ 'dist',
33 silly install resolved        'fonts',
33 silly install resolved        'grunt/*.js',
33 silly install resolved        'grunt/*.json',
33 silly install resolved        'js/*.js',
33 silly install resolved        'less/**/*.less',
33 silly install resolved        'Gruntfile.js',
33 silly install resolved        'LICENSE' ],
33 silly install resolved     jspm:
33 silly install resolved      { main: 'js/bootstrap',
33 silly install resolved        directories: [Object],
33 silly install resolved        shim: [Object],
33 silly install resolved        buildConfig: [Object] },
33 silly install resolved     gitHead: 'f5250d0a0e2a7cfed77f55654027ff151ebe5aeb',
33 silly install resolved     _id: 'bootstrap@3.3.4',
33 silly install resolved     _shasum: '02378b4a6b6ce7a55e3add1edae41ad79f74646a',
33 silly install resolved     _from: 'bootstrap@*',
33 silly install resolved     _npmVersion: '2.5.1',
33 silly install resolved     _nodeVersion: '0.12.0',
33 silly install resolved     _npmUser: { name: 'twbs', email: 'getbootstrap@gmail.com' },
33 silly install resolved     maintainers: [ [Object] ],
33 silly install resolved     dist:
33 silly install resolved      { shasum: '02378b4a6b6ce7a55e3add1edae41ad79f74646a',
33 silly install resolved        tarball: 'http://registry.npmjs.org/bootstrap/-/bootstrap-3.3.4.tgz' },
33 silly install resolved     directories: {},
33 silly install resolved     _resolved: 'https://registry.npmjs.org/bootstrap/-/bootstrap-3.3.4.tgz',
33 silly install resolved     readme: 'ERROR: No README data found!' } ]
34 info install bootstrap@3.3.4 into /Users/arta/Projects/ftrnv
35 info installOne bootstrap@3.3.4
36 verbose installOne of bootstrap to /Users/arta/Projects/ftrnv not in flight; installing
37 warn locking Error: EACCES, open '/Users/arta/.npm/_locks/bootstrap-11c8f003f8030e03.lock'
37 warn locking     at Error (native)
37 warn locking  /Users/arta/.npm/_locks/bootstrap-11c8f003f8030e03.lock failed { [Error: EACCES, open '/Users/arta/.npm/_locks/bootstrap-11c8f003f8030e03.lock']
37 warn locking   errno: -13,
37 warn locking   code: 'EACCES',
37 warn locking   path: '/Users/arta/.npm/_locks/bootstrap-11c8f003f8030e03.lock' }
38 verbose stack Error: Attempt to unlock /Users/arta/Projects/ftrnv/node_modules/bootstrap, which hasn't been locked
38 verbose stack     at unlock (/usr/local/lib/node_modules/npm/lib/utils/locker.js:66:11)
38 verbose stack     at cb (/usr/local/lib/node_modules/npm/lib/install.js:929:5)
38 verbose stack     at /usr/local/lib/node_modules/npm/lib/install.js:933:20
38 verbose stack     at /usr/local/lib/node_modules/npm/lib/utils/locker.js:40:9
38 verbose stack     at cb (/usr/local/lib/node_modules/npm/node_modules/lockfile/lockfile.js:149:38)
38 verbose stack     at /usr/local/lib/node_modules/npm/node_modules/lockfile/lockfile.js:177:38
38 verbose stack     at FSReqWrap.oncomplete (fs.js:99:15)
39 verbose cwd /Users/arta/Projects/ftrnv
40 error Darwin 14.1.0
41 error argv "node" "/usr/local/bin/npm" "install" "bootstrap"
42 error node v0.12.0
43 error npm  v2.5.1
44 error Attempt to unlock /Users/arta/Projects/ftrnv/node_modules/bootstrap, which hasn't been locked
45 error If you need help, you may report this error at:
45 error     <http://github.com/npm/npm/issues>
46 verbose exit [ 1, true ]
